<?xml version="1.0" encoding="UTF-8"?>
<testng-results skipped="0" failed="0" ignored="0" total="1" passed="1">
  <reporter-output>
  </reporter-output>
  <suite name="Suite" duration-ms="23369" started-at="2019-09-07T13:10:36Z" finished-at="2019-09-07T13:10:59Z">
    <groups>
    </groups>
    <test name="Test" duration-ms="23369" started-at="2019-09-07T13:10:36Z" finished-at="2019-09-07T13:10:59Z">
      <class name="mvnPackage.MVNProject.LoginTest">
        <test-method status="PASS" signature="titleTest()[pri:0, instance:mvnPackage.MVNProject.LoginTest@6d4b1c02]" name="titleTest" duration-ms="23302" started-at="2019-09-07T13:10:36Z" finished-at="2019-09-07T13:10:59Z">
          <reporter-output>
          </reporter-output>
        </test-method> <!-- titleTest -->
      </class> <!-- mvnPackage.MVNProject.LoginTest -->
    </test> <!-- Test -->
  </suite> <!-- Suite -->
</testng-results>
